#
# A fatal error has been detected by the Java Runtime Environment:
#
#  Internal Error (safepoint.cpp:712), pid=2653, tid=0x000000000000600b
#  fatal error: Illegal threadstate encountered: 4
#
# JRE version: Java(TM) SE Runtime Environment (8.0_202-b08) (build 1.8.0_202-b08)
# Java VM: Java HotSpot(TM) 64-Bit Server VM (25.202-b08 mixed mode bsd-amd64 compressed oops)
# Failed to write core dump. Core dumps have been disabled. To enable core dumping, try "ulimit -c unlimited" before starting Java again
#
# If you would like to submit a bug report, please visit:
#   http://bugreport.java.com/bugreport/crash.jsp
# The crash happened outside the Java Virtual Machine in native code.
# See problematic frame for where to report the bug.
#

---------------  T H R E A D  ---------------

Current thread (0x00007f7a250cb000):  JavaThread "Thread-1" daemon [_thread_in_native, id=24587, stack(0x000070000ee93000,0x000070000ef93000)]

Stack: [0x000070000ee93000,0x000070000ef93000],  sp=0x000070000ef91cb0,  free space=1019k
Native frames: (J=compiled Java code, j=interpreted, Vv=VM code, C=native code)
V  [libjvm.dylib+0x5b698e]
V  [libjvm.dylib+0x1e9bed]
V  [libjvm.dylib+0x4e66a8]
V  [libjvm.dylib+0x56fa72]
V  [libjvm.dylib+0x16ab4e]
V  [libjvm.dylib+0x317599]
C  [libglass.dylib+0x49d1]  -[GlassRunnable dealloc]+0x31
C  [libobjc.A.dylib+0x25e98]  _ZN11objc_object17sidetable_releaseEbb+0xee
C  [Foundation+0x818be]  -[_NSThreadPerformInfo dealloc]+0x2a
C  [libobjc.A.dylib+0x25e98]  _ZN11objc_object17sidetable_releaseEbb+0xee
C  [Foundation+0x4e446]  -[NSObject(NSThreadPerformAdditions) performSelectorOnMainThread:withObject:waitUntilDone:]+0x7c
J 1988  com.sun.glass.ui.mac.MacApplication._submitForLaterInvocation(Ljava/lang/Runnable;)V (0 bytes) @ 0x000000010d141d7c [0x000000010d141cc0+0xbc]
J 1987 C1 com.sun.glass.ui.mac.MacApplication.submitForLaterInvocation(Ljava/lang/Runnable;)V (6 bytes) @ 0x000000010d1420bc [0x000000010d142040+0x7c]
j  com.sun.glass.ui.InvokeLaterDispatcher.run()V+82
v  ~StubRoutines::call_stub
V  [libjvm.dylib+0x2f0d1e]
V  [libjvm.dylib+0x2f14c2]
V  [libjvm.dylib+0x2f166e]
V  [libjvm.dylib+0x34bf5d]
V  [libjvm.dylib+0x570b93]
V  [libjvm.dylib+0x57228e]
V  [libjvm.dylib+0x48f30a]
C  [libsystem_pthread.dylib+0x64e1]  _pthread_start+0x7d
C  [libsystem_pthread.dylib+0x1f6b]  thread_start+0xf
C  0x0000000000000000

Java frames: (J=compiled Java code, j=interpreted, Vv=VM code)
J 1988  com.sun.glass.ui.mac.MacApplication._submitForLaterInvocation(Ljava/lang/Runnable;)V (0 bytes) @ 0x000000010d141d0c [0x000000010d141cc0+0x4c]
J 1987 C1 com.sun.glass.ui.mac.MacApplication.submitForLaterInvocation(Ljava/lang/Runnable;)V (6 bytes) @ 0x000000010d1420bc [0x000000010d142040+0x7c]
j  com.sun.glass.ui.InvokeLaterDispatcher.run()V+82
v  ~StubRoutines::call_stub

---------------  P R O C E S S  ---------------

Java Threads: ( => current thread )
  0x00007f7a2515a000 JavaThread "Prism Font Disposer" daemon [_thread_blocked, id=78603, stack(0x000070000f19f000,0x000070000f29f000)]
  0x00007f7a26053000 JavaThread "JavaFX-Launcher" [_thread_blocked, id=83463, stack(0x000070000f09c000,0x000070000f19c000)]
  0x00007f7a2604a800 JavaThread "Thread-3" daemon [_thread_blocked, id=35335, stack(0x000070000ef96000,0x000070000f016000)]
  0x00007f7a250c4800 JavaThread "JavaFX Application Thread" [_thread_in_native_trans, id=259, stack(0x00007ff7b4de0000,0x00007ff7b55e0000)]
=>0x00007f7a250cb000 JavaThread "Thread-1" daemon [_thread_in_native, id=24587, stack(0x000070000ee93000,0x000070000ef93000)]
  0x00007f7a250bb800 JavaThread "QuantumRenderer-0" daemon [_thread_blocked, id=15107, stack(0x000070000ed90000,0x000070000ee90000)]
  0x00007f7a25080800 JavaThread "Service Thread" daemon [_thread_blocked, id=14083, stack(0x000070000eb8a000,0x000070000ec8a000)]
  0x00007f7a2500c000 JavaThread "C1 CompilerThread2" daemon [_thread_blocked, id=18179, stack(0x000070000ea87000,0x000070000eb87000)]
  0x00007f7a2480e800 JavaThread "C2 CompilerThread1" daemon [_thread_blocked, id=18691, stack(0x000070000e984000,0x000070000ea84000)]
  0x00007f7a26870800 JavaThread "C2 CompilerThread0" daemon [_thread_in_vm, id=18947, stack(0x000070000e881000,0x000070000e981000)]
  0x00007f7a26838800 JavaThread "Signal Dispatcher" daemon [_thread_blocked, id=13571, stack(0x000070000e77e000,0x000070000e87e000)]
  0x00007f7a26836000 JavaThread "Finalizer" daemon [_thread_blocked, id=11779, stack(0x000070000e4f2000,0x000070000e5f2000)]
  0x00007f7a25036800 JavaThread "Reference Handler" daemon [_thread_blocked, id=21507, stack(0x000070000e3ef000,0x000070000e4ef000)]
  0x00007f7a2500b000 JavaThread "main" [_thread_blocked, id=3587, stack(0x000070000dddd000,0x000070000dedd000)]

Other Threads:
  0x00007f7a2682f800 VMThread [stack: 0x000070000e2ec000,0x000070000e3ec000] [id=11267]
  0x00007f7a2480f000 WatcherThread [stack: 0x000070000ec8d000,0x000070000ed8d000] [id=14595]

VM state:synchronizing (normal execution)

VM Mutex/Monitor currently owned by a thread:  ([mutex/lock_event])
[0x00006000037f4f00] Safepoint_lock - owner thread: 0x00007f7a2682f800
[0x00006000037f4f80] Threads_lock - owner thread: 0x00007f7a2682f800

heap address: 0x0000000740000000, size: 2048 MB, Compressed Oops mode: Zero based, Oop shift amount: 3
Narrow klass base: 0x0000000000000000, Narrow klass shift: 3
Compressed class space size: 1073741824 Address: 0x00000007c0000000

Heap:
 PSYoungGen      total 38400K, used 22648K [0x0000000795580000, 0x0000000798000000, 0x00000007c0000000)
  eden space 33280K, 53% used [0x0000000795580000,0x00000007966d98a0,0x0000000797600000)
  from space 5120K, 95% used [0x0000000797600000,0x0000000797ac4ad0,0x0000000797b00000)
  to   space 5120K, 0% used [0x0000000797b00000,0x0000000797b00000,0x0000000798000000)
 ParOldGen       total 87552K, used 4120K [0x0000000740000000, 0x0000000745580000, 0x0000000795580000)
  object space 87552K, 4% used [0x0000000740000000,0x0000000740406020,0x0000000745580000)
 Metaspace       used 13828K, capacity 14426K, committed 14848K, reserved 1062912K
  class space    used 1745K, capacity 1924K, committed 2048K, reserved 1048576K

Card table byte_map: [0x000000010aedf000,0x000000010b2e0000] byte_map_base: 0x00000001074df000

Marking Bits: (ParMarkBitMap*) 0x000000010c2d6e40
 Begin Bits: [0x000000011bb5a000, 0x000000011db5a000)
 End Bits:   [0x000000011db5a000, 0x000000011fb5a000)

Polling page: 0x000000010aa58000

CodeCache: size=245760Kb used=8478Kb max_used=8478Kb free=237281Kb
 bounds [0x000000010cb5a000, 0x000000010d3ba000, 0x000000011bb5a000]
 total_blobs=3304 nmethods=2687 adapters=530
 compilation: enabled

Compilation events (10 events):
Event: 440.728 Thread 0x00007f7a2500c000 nmethod 2825 0x000000010d3a1010 code [0x000000010d3a11c0, 0x000000010d3a1908]
Event: 440.728 Thread 0x00007f7a2500c000 2826       3       com.sun.javafx.scene.control.skin.LabeledSkinBase::computeMinWidth (13 bytes)
Event: 440.728 Thread 0x00007f7a2500c000 nmethod 2826 0x000000010cec0f90 code [0x000000010cec1100, 0x000000010cec1288]
Event: 441.410 Thread 0x00007f7a2500c000 2827       3       javafx.scene.control.SkinBase::snappedLeftInset (8 bytes)
Event: 441.410 Thread 0x00007f7a2500c000 nmethod 2827 0x000000010cec0b10 code [0x000000010cec0c80, 0x000000010cec0ed0]
Event: 441.410 Thread 0x00007f7a2500c000 2829       1       javafx.scene.layout.Region::impl_notifyLayoutBoundsChanged (1 bytes)
Event: 441.411 Thread 0x00007f7a2500c000 nmethod 2829 0x000000010d3a3b50 code [0x000000010d3a3ca0, 0x000000010d3a3db0]
Event: 441.411 Thread 0x00007f7a2500c000 2828       3       javafx.scene.control.SkinBase::snappedRightInset (8 bytes)
Event: 441.411 Thread 0x00007f7a2500c000 nmethod 2828 0x000000010cec0690 code [0x000000010cec0800, 0x000000010cec0a50]
Event: 442.076 Thread 0x00007f7a26870800 2830       4       javafx.beans.property.DoublePropertyBase::set (111 bytes)

GC Heap History (2 events):
Event: 29.772 GC heap before
{Heap before GC invocations=1 (full 0):
 PSYoungGen      total 38400K, used 33280K [0x0000000795580000, 0x0000000798000000, 0x00000007c0000000)
  eden space 33280K, 100% used [0x0000000795580000,0x0000000797600000,0x0000000797600000)
  from space 5120K, 0% used [0x0000000797b00000,0x0000000797b00000,0x0000000798000000)
  to   space 5120K, 0% used [0x0000000797600000,0x0000000797600000,0x0000000797b00000)
 ParOldGen       total 87552K, used 0K [0x0000000740000000, 0x0000000745580000, 0x0000000795580000)
  object space 87552K, 0% used [0x0000000740000000,0x0000000740000000,0x0000000745580000)
 Metaspace       used 13225K, capacity 13802K, committed 13952K, reserved 1060864K
  class space    used 1732K, capacity 1914K, committed 1920K, reserved 1048576K
Event: 29.788 GC heap after
Heap after GC invocations=1 (full 0):
 PSYoungGen      total 38400K, used 4882K [0x0000000795580000, 0x0000000798000000, 0x00000007c0000000)
  eden space 33280K, 0% used [0x0000000795580000,0x0000000795580000,0x0000000797600000)
  from space 5120K, 95% used [0x0000000797600000,0x0000000797ac4ad0,0x0000000797b00000)
  to   space 5120K, 0% used [0x0000000797b00000,0x0000000797b00000,0x0000000798000000)
 ParOldGen       total 87552K, used 4120K [0x0000000740000000, 0x0000000745580000, 0x0000000795580000)
  object space 87552K, 4% used [0x0000000740000000,0x0000000740406020,0x0000000745580000)
 Metaspace       used 13225K, capacity 13802K, committed 13952K, reserved 1060864K
  class space    used 1732K, capacity 1914K, committed 1920K, reserved 1048576K
}

Deoptimization events (10 events):
Event: 1.153 Thread 0x00007f7a250c4800 Uncommon trap: reason=class_check action=maybe_recompile pc=0x000000010cd8b6c4 method=java.io.DataInputStream.readShort()S @ 4
Event: 1.158 Thread 0x00007f7a250c4800 Uncommon trap: reason=class_check action=maybe_recompile pc=0x000000010cc72d88 method=java.lang.String.equals(Ljava/lang/Object;)Z @ 8
Event: 1.158 Thread 0x00007f7a250c4800 Uncommon trap: reason=class_check action=maybe_recompile pc=0x000000010cc72d88 method=java.lang.String.equals(Ljava/lang/Object;)Z @ 8
Event: 1.158 Thread 0x00007f7a250c4800 Uncommon trap: reason=class_check action=maybe_recompile pc=0x000000010cc72d88 method=java.lang.String.equals(Ljava/lang/Object;)Z @ 8
Event: 1.160 Thread 0x00007f7a250c4800 Uncommon trap: reason=class_check action=maybe_recompile pc=0x000000010cc72d88 method=java.lang.String.equals(Ljava/lang/Object;)Z @ 8
Event: 1.431 Thread 0x00007f7a250c4800 Uncommon trap: reason=unstable_if action=reinterpret pc=0x000000010cdc1360 method=java.lang.CharacterData.of(I)Ljava/lang/CharacterData; @ 4
Event: 1.690 Thread 0x00007f7a250bb800 Uncommon trap: reason=speculate_class_check action=maybe_recompile pc=0x000000010ce65b64 method=java.util.HashMap.putVal(ILjava/lang/Object;Ljava/lang/Object;ZZ)Ljava/lang/Object; @ 152
Event: 1.690 Thread 0x00007f7a250bb800 Uncommon trap: reason=speculate_class_check action=maybe_recompile pc=0x000000010ce65ad4 method=java.util.HashMap.putVal(ILjava/lang/Object;Ljava/lang/Object;ZZ)Ljava/lang/Object; @ 56
Event: 3.149 Thread 0x00007f7a250c4800 Uncommon trap: reason=unstable_if action=reinterpret pc=0x000000010ce92e7c method=jdk.internal.org.objectweb.asm.Type.getArgumentsAndReturnSizes(Ljava/lang/String;)I @ 47
Event: 88.828 Thread 0x00007f7a250c4800 Uncommon trap: reason=unstable_if action=reinterpret pc=0x000000010ce58bf0 method=java.util.HashMap.isEmpty()Z @ 4

Classes redefined (0 events):
No events

Internal exceptions (10 events):
Event: 0.287 Thread 0x00007f7a2500b000 Exception <a 'java/lang/NoSuchFieldError': method resolution failed> (0x000000079579eb80) thrown at [/Users/java_re/workspace/8-2-build-macosx-x86_64/jdk8u202/12323/hotspot/src/share/vm/prims/methodHandles.cpp, line 1167]
Event: 0.289 Thread 0x00007f7a2500b000 Exception <a 'java/lang/NoSuchFieldError': method resolution failed> (0x00000007957abf00) thrown at [/Users/java_re/workspace/8-2-build-macosx-x86_64/jdk8u202/12323/hotspot/src/share/vm/prims/methodHandles.cpp, line 1167]
Event: 0.328 Thread 0x00007f7a2500b000 Exception <a 'java/security/PrivilegedActionException'> (0x000000079583a120) thrown at [/Users/java_re/workspace/8-2-build-macosx-x86_64/jdk8u202/12323/hotspot/src/share/vm/prims/jvm.cpp, line 1502]
Event: 0.328 Thread 0x00007f7a2500b000 Exception <a 'java/security/PrivilegedActionException'> (0x000000079583a330) thrown at [/Users/java_re/workspace/8-2-build-macosx-x86_64/jdk8u202/12323/hotspot/src/share/vm/prims/jvm.cpp, line 1502]
Event: 0.329 Thread 0x00007f7a2500b000 Exception <a 'java/security/PrivilegedActionException'> (0x000000079583e988) thrown at [/Users/java_re/workspace/8-2-build-macosx-x86_64/jdk8u202/12323/hotspot/src/share/vm/prims/jvm.cpp, line 1502]
Event: 0.329 Thread 0x00007f7a2500b000 Exception <a 'java/security/PrivilegedActionException'> (0x000000079583eb98) thrown at [/Users/java_re/workspace/8-2-build-macosx-x86_64/jdk8u202/12323/hotspot/src/share/vm/prims/jvm.cpp, line 1502]
Event: 0.329 Thread 0x00007f7a2500b000 Exception <a 'java/lang/NullPointerException'> (0x000000079583f170) thrown at [/Users/java_re/workspace/8-2-build-macosx-x86_64/jdk8u202/12323/hotspot/src/share/vm/interpreter/linkResolver.cpp, line 1185]
Event: 0.683 Thread 0x00007f7a250c4800 Exception <a 'java/lang/NullPointerException'> (0x000000079603a460) thrown at [/Users/java_re/workspace/8-2-build-macosx-x86_64/jdk8u202/12323/hotspot/src/share/vm/interpreter/linkResolver.cpp, line 1185]
Event: 0.683 Thread 0x00007f7a250c4800 Exception <a 'java/lang/NullPointerException'> (0x000000079603a460) thrown at [/Users/java_re/workspace/8-2-build-macosx-x86_64/jdk8u202/12323/hotspot/src/share/vm/prims/jvm.cpp, line 1506]
Event: 0.881 Thread 0x00007f7a250c4800 Implicit null exception at 0x000000010cd99575 to 0x000000010cd99771

Events (10 events):
Event: 117.494 Thread 0x00007f7a2480e800 flushing nmethod 0x000000010cf4cad0
Event: 117.494 Thread 0x00007f7a2480e800 flushing nmethod 0x000000010cf59e50
Event: 117.494 Thread 0x00007f7a2480e800 flushing nmethod 0x000000010cf5a190
Event: 117.494 Thread 0x00007f7a2480e800 flushing nmethod 0x000000010cf5a4d0
Event: 117.494 Thread 0x00007f7a2480e800 flushing nmethod 0x000000010cf5a810
Event: 117.494 Thread 0x00007f7a2480e800 flushing nmethod 0x000000010cf5ab50
Event: 117.494 Thread 0x00007f7a2480e800 flushing nmethod 0x000000010cf5ae90
Event: 117.494 Thread 0x00007f7a2480e800 flushing nmethod 0x000000010cf5b1d0
Event: 120.455 Thread 0x00007f7a2500c000 flushing nmethod 0x000000010cf6ca90
Event: 120.456 Thread 0x00007f7a2500c000 flushing nmethod 0x000000010cf7b0d0


Dynamic libraries:
0x00007ff81c341000 	/System/Library/Frameworks/Cocoa.framework/Versions/A/Cocoa
0x00007ff807f8e000 	/System/Library/Frameworks/AppKit.framework/Versions/C/AppKit
0x00007ff80b4a5000 	/System/Library/Frameworks/CoreData.framework/Versions/A/CoreData
0x00007ff806391000 	/System/Library/Frameworks/Foundation.framework/Versions/C/Foundation
0x00007ff8102c8000 	/usr/lib/libSystem.B.dylib
0x00007ff808e1e000 	/System/Library/PrivateFrameworks/UIFoundation.framework/Versions/A/UIFoundation
0x00007ff81623e000 	/System/Library/PrivateFrameworks/RemoteViewServices.framework/Versions/A/RemoteViewServices
0x00007ff80e51c000 	/System/Library/PrivateFrameworks/XCTTargetBootstrap.framework/Versions/A/XCTTargetBootstrap
0x00007ff8120d4000 	/System/Library/PrivateFrameworks/InternationalSupport.framework/Versions/A/InternationalSupport
0x00007ff81215e000 	/System/Library/PrivateFrameworks/UserActivity.framework/Versions/A/UserActivity
0x00007ff8114b0000 	/usr/lib/libspindump.dylib
0x00007ff8090ad000 	/System/Library/Frameworks/UniformTypeIdentifiers.framework/Versions/A/UniformTypeIdentifiers
0x00007ff80cc40000 	/usr/lib/libapp_launch_measurement.dylib
0x00007ff80be77000 	/System/Library/PrivateFrameworks/CoreAnalytics.framework/Versions/A/CoreAnalytics
0x00007ff80cc43000 	/System/Library/PrivateFrameworks/CoreAutoLayout.framework/Versions/A/CoreAutoLayout
0x00007ff80de73000 	/System/Library/Frameworks/Metal.framework/Versions/A/Metal
0x00007ff80eba2000 	/usr/lib/liblangid.dylib
0x00007ff80e521000 	/System/Library/PrivateFrameworks/CoreSVG.framework/Versions/A/CoreSVG
0x00007ff80a499000 	/System/Library/PrivateFrameworks/SkyLight.framework/Versions/A/SkyLight
0x00007ff80a838000 	/System/Library/Frameworks/CoreGraphics.framework/Versions/A/CoreGraphics
0x00007ff8168fe000 	/System/Library/Frameworks/Accelerate.framework/Versions/A/Accelerate
0x00007ff810f2f000 	/System/Library/PrivateFrameworks/IconServices.framework/Versions/A/IconServices
0x00007ff80de58000 	/System/Library/Frameworks/IOSurface.framework/Versions/A/IOSurface
0x00007ff80bea5000 	/usr/lib/libDiagnosticMessagesClient.dylib
0x00007ff8101e8000 	/usr/lib/libz.1.dylib
0x00007ff819fe5000 	/System/Library/Frameworks/ApplicationServices.framework/Versions/A/ApplicationServices
0x00007ff80e508000 	/System/Library/PrivateFrameworks/DFRFoundation.framework/Versions/A/DFRFoundation
0x00007ff807876000 	/usr/lib/libicucore.A.dylib
0x00007ff812eca000 	/System/Library/Frameworks/AudioToolbox.framework/Versions/A/AudioToolbox
0x00007ff8120e0000 	/System/Library/PrivateFrameworks/DataDetectorsCore.framework/Versions/A/DataDetectorsCore
0x00007ff90e5dc000 	/System/Library/PrivateFrameworks/TextInput.framework/Versions/A/TextInput
0x00007ff80a41c000 	/usr/lib/libMobileGestalt.dylib
0x00007ff80e214000 	/System/Library/Frameworks/Carbon.framework/Versions/A/Frameworks/HIToolbox.framework/Versions/A/HIToolbox
0x00007ff80c642000 	/System/Library/Frameworks/QuartzCore.framework/Versions/A/QuartzCore
0x00007ff80751b000 	/System/Library/Frameworks/Security.framework/Versions/A/Security
0x00007ff816276000 	/System/Library/Frameworks/Carbon.framework/Versions/A/Frameworks/SpeechRecognition.framework/Versions/A/SpeechRecognition
0x00007ff80c9a0000 	/System/Library/PrivateFrameworks/CoreUI.framework/Versions/A/CoreUI
0x00007ff806de5000 	/System/Library/Frameworks/CoreAudio.framework/Versions/A/CoreAudio
0x00007ff80bf94000 	/System/Library/Frameworks/DiskArbitration.framework/Versions/A/DiskArbitration
0x00007ff8118a0000 	/System/Library/PrivateFrameworks/MultitouchSupport.framework/Versions/A/MultitouchSupport
0x00007ff80a41b000 	/usr/lib/libenergytrace.dylib
0x00007ff807e7a000 	/System/Library/Frameworks/IOKit.framework/Versions/A/IOKit
0x00007ff816666000 	/System/Library/Frameworks/CoreServices.framework/Versions/A/CoreServices
0x00007ff80cbda000 	/System/Library/PrivateFrameworks/PerformanceAnalysis.framework/Versions/A/PerformanceAnalysis
0x00007ffa1e2bb000 	/System/Library/Frameworks/OpenGL.framework/Versions/A/OpenGL
0x00007ff80f804000 	/System/Library/PrivateFrameworks/MobileKeyBag.framework/Versions/A/MobileKeyBag
0x00007ff80535b000 	/usr/lib/libobjc.A.dylib
0x00007ff80af04000 	/System/Library/Frameworks/ColorSync.framework/Versions/A/ColorSync
0x00007ff805515000 	/System/Library/Frameworks/CoreFoundation.framework/Versions/A/CoreFoundation
0x00007ff80e798000 	/System/Library/Frameworks/CoreImage.framework/Versions/A/CoreImage
0x00007ff806bf9000 	/System/Library/Frameworks/CoreText.framework/Versions/A/CoreText
0x00007ff80e551000 	/System/Library/Frameworks/ImageIO.framework/Versions/A/ImageIO
0x00007ff8102ce000 	/System/Library/PrivateFrameworks/SoftLinking.framework/Versions/A/SoftLinking
0x00007ff80cc8b000 	/usr/lib/libxml2.2.dylib
0x00007ff805421000 	/usr/lib/libc++.1.dylib
0x00007ff810552000 	/usr/lib/libcompression.dylib
0x00007ff812007000 	/System/Library/PrivateFrameworks/TextureIO.framework/Versions/A/TextureIO
0x00007ff810c40000 	/usr/lib/libate.dylib
0x00007ff8102c3000 	/usr/lib/system/libcache.dylib
0x00007ff81027f000 	/usr/lib/system/libcommonCrypto.dylib
0x00007ff8102a8000 	/usr/lib/system/libcompiler_rt.dylib
0x00007ff81029e000 	/usr/lib/system/libcopyfile.dylib
0x00007ff805256000 	/usr/lib/system/libcorecrypto.dylib
0x00007ff805314000 	/usr/lib/system/libdispatch.dylib
0x00007ff8054d4000 	/usr/lib/system/libdyld.dylib
0x00007ff8102ba000 	/usr/lib/system/libkeymgr.dylib
0x00007ff81025d000 	/usr/lib/system/libmacho.dylib
0x00007ff80f8de000 	/usr/lib/system/libquarantine.dylib
0x00007ff8102b8000 	/usr/lib/system/libremovefile.dylib
0x00007ff80a469000 	/usr/lib/system/libsystem_asl.dylib
0x00007ff8051ff000 	/usr/lib/system/libsystem_blocks.dylib
0x00007ff805398000 	/usr/lib/system/libsystem_c.dylib
0x00007ff8102b0000 	/usr/lib/system/libsystem_collections.dylib
0x00007ff80eb92000 	/usr/lib/system/libsystem_configuration.dylib
0x00007ff80de3b000 	/usr/lib/system/libsystem_containermanager.dylib
0x00007ff80ff95000 	/usr/lib/system/libsystem_coreservices.dylib
0x00007ff807b0a000 	/usr/lib/system/libsystem_darwin.dylib
0x00007ff8102bb000 	/usr/lib/system/libsystem_dnssd.dylib
0x00007ff805395000 	/usr/lib/system/libsystem_featureflags.dylib
0x00007ff8054ea000 	/usr/lib/system/libsystem_info.dylib
0x00007ff8101fb000 	/usr/lib/system/libsystem_m.dylib
0x00007ff8052e8000 	/usr/lib/system/libsystem_malloc.dylib
0x00007ff80a404000 	/usr/lib/system/libsystem_networkextension.dylib
0x00007ff807f30000 	/usr/lib/system/libsystem_notify.dylib
0x00007ff81653b000 	/usr/lib/system/libsystem_product_info_filter.dylib
0x00007ff80eb96000 	/usr/lib/system/libsystem_sandbox.dylib
0x00007ff8102b5000 	/usr/lib/system/libsystem_secinit.dylib
0x00007ff805490000 	/usr/lib/system/libsystem_kernel.dylib
0x00007ff8054e0000 	/usr/lib/system/libsystem_platform.dylib
0x00007ff8054c8000 	/usr/lib/system/libsystem_pthread.dylib
0x00007ff80bcb7000 	/usr/lib/system/libsystem_symptoms.dylib
0x00007ff80523d000 	/usr/lib/system/libsystem_trace.dylib
0x00007ff81028b000 	/usr/lib/system/libunwind.dylib
0x00007ff805201000 	/usr/lib/system/libxpc.dylib
0x00007ff80547a000 	/usr/lib/libc++abi.dylib
0x00007ff810296000 	/usr/lib/liboah.dylib
0x00007ff810a1c000 	/usr/lib/liblzma.5.dylib
0x00007ff8060a3000 	/System/Library/Frameworks/SystemConfiguration.framework/Versions/A/SystemConfiguration
0x00007ff8102ca000 	/usr/lib/libfakelink.dylib
0x00007ff809f74000 	/System/Library/Frameworks/CFNetwork.framework/Versions/A/CFNetwork
0x00007ff81040b000 	/usr/lib/libarchive.2.dylib
0x00007ff80eb9e000 	/System/Library/PrivateFrameworks/AppleSystemInfo.framework/Versions/A/AppleSystemInfo
0x00007ff80f905000 	/usr/lib/libbsm.0.dylib
0x00007ff809583000 	/usr/lib/libnetwork.dylib
0x00007ff810263000 	/usr/lib/system/libkxld.dylib
0x00007ff80f538000 	/System/Library/PrivateFrameworks/IOMobileFramebuffer.framework/Versions/A/IOMobileFramebuffer
0x00007ffb1dc96000 	/usr/lib/libCoreEntitlements.dylib
0x00007ff80ff77000 	/System/Library/PrivateFrameworks/AppleFSCompression.framework/Versions/A/AppleFSCompression
0x00007ff80f8ed000 	/usr/lib/libcoretls.dylib
0x00007ff810a36000 	/usr/lib/libcoretls_cfhelpers.dylib
0x00007ff81054d000 	/usr/lib/libpam.2.dylib
0x00007ff80b8d6000 	/usr/lib/libsqlite3.dylib
0x00007ff810aa5000 	/usr/lib/libxar.1.dylib
0x00007ff80ff87000 	/usr/lib/libbz2.1.0.dylib
0x00007ff8102cf000 	/usr/lib/libpcap.A.dylib
0x00007ff80bcaf000 	/usr/lib/libdns_services.dylib
0x00007ff81051d000 	/usr/lib/libapple_nghttp2.dylib
0x00007ff810309000 	/usr/lib/libiconv.2.dylib
0x00007ff81025c000 	/usr/lib/libcharset.1.dylib
0x00007ff80cc0e000 	/System/Library/Frameworks/CoreServices.framework/Versions/A/Frameworks/FSEvents.framework/Versions/A/FSEvents
0x00007ff807b14000 	/System/Library/Frameworks/CoreServices.framework/Versions/A/Frameworks/CarbonCore.framework/Versions/A/CarbonCore
0x00007ff80bef8000 	/System/Library/Frameworks/CoreServices.framework/Versions/A/Frameworks/Metadata.framework/Versions/A/Metadata
0x00007ff80ff9a000 	/System/Library/Frameworks/CoreServices.framework/Versions/A/Frameworks/OSServices.framework/Versions/A/OSServices
0x00007ff810492000 	/System/Library/Frameworks/CoreServices.framework/Versions/A/Frameworks/SearchKit.framework/Versions/A/SearchKit
0x00007ff80bc41000 	/System/Library/Frameworks/CoreServices.framework/Versions/A/Frameworks/AE.framework/Versions/A/AE
0x00007ff805a18000 	/System/Library/Frameworks/CoreServices.framework/Versions/A/Frameworks/LaunchServices.framework/Versions/A/LaunchServices
0x00007ff8109cd000 	/System/Library/Frameworks/CoreServices.framework/Versions/A/Frameworks/DictionaryServices.framework/Versions/A/DictionaryServices
0x00007ff80cc1b000 	/System/Library/Frameworks/CoreServices.framework/Versions/A/Frameworks/SharedFileList.framework/Versions/A/SharedFileList
0x00007ff80f8e1000 	/usr/lib/libCheckFix.dylib
0x00007ff80a480000 	/System/Library/PrivateFrameworks/TCC.framework/Versions/A/TCC
0x00007ff80eba4000 	/System/Library/PrivateFrameworks/CoreNLP.framework/Versions/A/CoreNLP
0x00007ff80bea8000 	/System/Library/PrivateFrameworks/MetadataUtilities.framework/Versions/A/MetadataUtilities
0x00007ff806154000 	/usr/lib/libmecabra.dylib
0x00007ff80f915000 	/usr/lib/libmecab.dylib
0x00007ff80611f000 	/usr/lib/libCRFSuite.dylib
0x00007ff80f96f000 	/usr/lib/libgermantok.dylib
0x00007ff8104f8000 	/usr/lib/libThaiTokenizer.dylib
0x00007ff80bf9b000 	/System/Library/Frameworks/Accelerate.framework/Versions/A/Frameworks/vImage.framework/Versions/A/vImage
0x00007ff81663d000 	/System/Library/Frameworks/Accelerate.framework/Versions/A/Frameworks/vecLib.framework/Versions/A/vecLib
0x00007ff810ae6000 	/System/Library/Frameworks/Accelerate.framework/Versions/A/Frameworks/vecLib.framework/Versions/A/libvMisc.dylib
0x00007ff80f363000 	/System/Library/Frameworks/Accelerate.framework/Versions/A/Frameworks/vecLib.framework/Versions/A/libvDSP.dylib
0x00007ff805d93000 	/System/Library/Frameworks/Accelerate.framework/Versions/A/Frameworks/vecLib.framework/Versions/A/libBLAS.dylib
0x00007ff81062f000 	/System/Library/Frameworks/Accelerate.framework/Versions/A/Frameworks/vecLib.framework/Versions/A/libLAPACK.dylib
0x00007ff80f972000 	/System/Library/Frameworks/Accelerate.framework/Versions/A/Frameworks/vecLib.framework/Versions/A/libLinearAlgebra.dylib
0x00007ff810535000 	/System/Library/Frameworks/Accelerate.framework/Versions/A/Frameworks/vecLib.framework/Versions/A/libSparseBLAS.dylib
0x00007ff810629000 	/System/Library/Frameworks/Accelerate.framework/Versions/A/Frameworks/vecLib.framework/Versions/A/libQuadrature.dylib
0x00007ff80ec8f000 	/System/Library/Frameworks/Accelerate.framework/Versions/A/Frameworks/vecLib.framework/Versions/A/libBNNS.dylib
0x00007ff80602d000 	/System/Library/Frameworks/Accelerate.framework/Versions/A/Frameworks/vecLib.framework/Versions/A/libSparse.dylib
0x00007ff80ec88000 	/System/Library/PrivateFrameworks/LinguisticData.framework/Versions/A/LinguisticData
0x00007ff805fe3000 	/System/Library/PrivateFrameworks/Lexicon.framework/Versions/A/Lexicon
0x00007ff810adf000 	/usr/lib/libChineseTokenizer.dylib
0x00007ff80674e000 	/System/Library/PrivateFrameworks/LanguageModeling.framework/Versions/A/LanguageModeling
0x00007ff8104fa000 	/System/Library/PrivateFrameworks/AppleSauce.framework/Versions/A/AppleSauce
0x00007ff80f526000 	/System/Library/PrivateFrameworks/CoreEmoji.framework/Versions/A/CoreEmoji
0x00007ff8103fa000 	/usr/lib/libcmph.dylib
0x00007ff80cbf2000 	/System/Library/Frameworks/OpenDirectory.framework/Versions/A/Frameworks/CFOpenDirectory.framework/Versions/A/CFOpenDirectory
0x00007ff80cbe6000 	/System/Library/Frameworks/OpenDirectory.framework/Versions/A/OpenDirectory
0x00007ff810a38000 	/System/Library/PrivateFrameworks/APFS.framework/Versions/A/APFS
0x00007ff80f83c000 	/System/Library/Frameworks/SecurityFoundation.framework/Versions/A/SecurityFoundation
0x00007ff810ab3000 	/usr/lib/libutil.dylib
0x00007ff807e3e000 	/System/Library/PrivateFrameworks/CoreServicesStore.framework/Versions/A/CoreServicesStore
0x00007ff810ab7000 	/usr/lib/libxslt.1.dylib
0x00007ff80f8c9000 	/System/Library/PrivateFrameworks/BackgroundTaskManagement.framework/Versions/A/BackgroundTaskManagement
0x00007ff811f27000 	/System/Library/Frameworks/ImageIO.framework/Versions/A/Resources/libRadiance.dylib
0x00007ff811f30000 	/System/Library/Frameworks/ImageIO.framework/Versions/A/Resources/libJPEG.dylib
0x00007ff811e7f000 	/System/Library/Frameworks/ImageIO.framework/Versions/A/Resources/libPng.dylib
0x00007ff811ea0000 	/System/Library/Frameworks/ImageIO.framework/Versions/A/Resources/libTIFF.dylib
0x00007ff811f90000 	/System/Library/Frameworks/ImageIO.framework/Versions/A/Resources/libGIF.dylib
0x00007ff8117ba000 	/System/Library/Frameworks/ImageIO.framework/Versions/A/Resources/libJP2.dylib
0x00007ff810ef5000 	/usr/lib/libexpat.1.dylib
0x00007ff81176f000 	/System/Library/PrivateFrameworks/AppleJPEG.framework/Versions/A/AppleJPEG
0x00007ff80e0d8000 	/System/Library/PrivateFrameworks/FontServices.framework/libFontParser.dylib
0x00007ff80bbeb000 	/System/Library/PrivateFrameworks/RunningBoardServices.framework/Versions/A/RunningBoardServices
0x00007ff81c8fc000 	/System/Library/PrivateFrameworks/IOSurfaceAccelerator.framework/Versions/A/IOSurfaceAccelerator
0x00007ff81189c000 	/System/Library/PrivateFrameworks/WatchdogClient.framework/Versions/A/WatchdogClient
0x00007ff80683c000 	/System/Library/Frameworks/CoreDisplay.framework/Versions/A/CoreDisplay
0x00007ff80dfd6000 	/System/Library/Frameworks/CoreMedia.framework/Versions/A/CoreMedia
0x00007ff80de6a000 	/System/Library/PrivateFrameworks/IOAccelerator.framework/Versions/A/IOAccelerator
0x00007ff80cd6f000 	/System/Library/Frameworks/CoreVideo.framework/Versions/A/CoreVideo
0x00007ff81054b000 	/System/Library/Frameworks/MetalPerformanceShaders.framework/Versions/A/MetalPerformanceShaders
0x00007ff8118d9000 	/System/Library/Frameworks/VideoToolbox.framework/Versions/A/VideoToolbox
0x00007ff80bb35000 	/System/Library/PrivateFrameworks/BaseBoard.framework/Versions/A/BaseBoard
0x00007ff80b8bc000 	/System/Library/PrivateFrameworks/ProtocolBuffer.framework/Versions/A/ProtocolBuffer
0x00007ff811f20000 	/System/Library/PrivateFrameworks/GPUWrangler.framework/Versions/A/GPUWrangler
0x00007ff811f04000 	/System/Library/PrivateFrameworks/IOPresentment.framework/Versions/A/IOPresentment
0x00007ff811f2a000 	/System/Library/PrivateFrameworks/DSExternalDisplay.framework/Versions/A/DSExternalDisplay
0x00007ffa1e2af000 	/System/Library/Frameworks/OpenGL.framework/Versions/A/Libraries/libCoreFSCache.dylib
0x00007ffb0b385000 	/System/Library/PrivateFrameworks/GPUCompiler.framework/Versions/31001/Libraries/libGPUCompilerUtils.dylib
0x00007ff811f95000 	/System/Library/PrivateFrameworks/CMCaptureCore.framework/Versions/A/CMCaptureCore
0x00007ff81149e000 	/System/Library/PrivateFrameworks/AppServerSupport.framework/Versions/A/AppServerSupport
0x00007ff813763000 	/System/Library/PrivateFrameworks/perfdata.framework/Versions/A/perfdata
0x00007ff806968000 	/System/Library/PrivateFrameworks/AudioToolboxCore.framework/Versions/A/AudioToolboxCore
0x00007ff80dfb4000 	/System/Library/PrivateFrameworks/caulk.framework/Versions/A/caulk
0x00007ff813075000 	/usr/lib/libAudioStatistics.dylib
0x00007ff90ad6a000 	/System/Library/PrivateFrameworks/SystemPolicy.framework/Versions/A/SystemPolicy
0x00007ff8132d0000 	/usr/lib/libSMC.dylib
0x00007ff81c1f4000 	/System/Library/Frameworks/CoreMIDI.framework/Versions/A/CoreMIDI
0x00007ff811e4e000 	/usr/lib/libAudioToolboxUtility.dylib
0x00007ff906f92000 	/System/Library/PrivateFrameworks/OSAServicesClient.framework/Versions/A/OSAServicesClient
0x00007ff813770000 	/usr/lib/libperfcheck.dylib
0x00007ff90b817000 	/usr/lib/libmis.dylib
0x00007ffa1e30a000 	/System/Library/Frameworks/OpenGL.framework/Versions/A/Libraries/libGLU.dylib
0x00007ffa1e2ce000 	/System/Library/Frameworks/OpenGL.framework/Versions/A/Libraries/libGFXShared.dylib
0x00007ffa1e4d7000 	/System/Library/Frameworks/OpenGL.framework/Versions/A/Libraries/libGL.dylib
0x00007ffa1e2d7000 	/System/Library/Frameworks/OpenGL.framework/Versions/A/Libraries/libGLImage.dylib
0x00007ffa1e2cb000 	/System/Library/Frameworks/OpenGL.framework/Versions/A/Libraries/libCVMSPluginSupport.dylib
0x00007ffa1e2b6000 	/System/Library/Frameworks/OpenGL.framework/Versions/A/Libraries/libCoreVMClient.dylib
0x00007ff80eb20000 	/System/Library/Frameworks/MetalPerformanceShaders.framework/Versions/A/Frameworks/MPSCore.framework/Versions/A/MPSCore
0x00007ff80fee2000 	/System/Library/Frameworks/MetalPerformanceShaders.framework/Versions/A/Frameworks/MPSImage.framework/Versions/A/MPSImage
0x00007ff80f988000 	/System/Library/Frameworks/MetalPerformanceShaders.framework/Versions/A/Frameworks/MPSNeuralNetwork.framework/Versions/A/MPSNeuralNetwork
0x00007ff80fdfc000 	/System/Library/Frameworks/MetalPerformanceShaders.framework/Versions/A/Frameworks/MPSMatrix.framework/Versions/A/MPSMatrix
0x00007ff80fbb7000 	/System/Library/Frameworks/MetalPerformanceShaders.framework/Versions/A/Frameworks/MPSRayIntersector.framework/Versions/A/MPSRayIntersector
0x00007ff80fe34000 	/System/Library/Frameworks/MetalPerformanceShaders.framework/Versions/A/Frameworks/MPSNDArray.framework/Versions/A/MPSNDArray
0x00007ffa23d8f000 	/System/Library/Frameworks/MetalPerformanceShaders.framework/Versions/A/Frameworks/MPSFunctions.framework/Versions/A/MPSFunctions
0x00007ff805c6f000 	/System/Library/PrivateFrameworks/MetalTools.framework/Versions/A/MetalTools
0x00007ff80eb9c000 	/System/Library/PrivateFrameworks/AggregateDictionary.framework/Versions/A/AggregateDictionary
0x00007ff810cd7000 	/usr/lib/libIOReport.dylib
0x00007ffa1f8e6000 	/System/Library/Frameworks/OpenCL.framework/Versions/A/OpenCL
0x00007ff81103c000 	/System/Library/PrivateFrameworks/FaceCore.framework/Versions/A/FaceCore
0x00007ff81102d000 	/System/Library/PrivateFrameworks/GraphVisualizer.framework/Versions/A/GraphVisualizer
0x00007ffb0b290000 	/System/Library/PrivateFrameworks/FontServices.framework/Versions/A/FontServices
0x00007ff811456000 	/System/Library/PrivateFrameworks/OTSVG.framework/Versions/A/OTSVG
0x00007ff80c955000 	/System/Library/Frameworks/ApplicationServices.framework/Versions/A/Frameworks/ATS.framework/Versions/A/Resources/libFontRegistry.dylib
0x00007ff8114a6000 	/System/Library/PrivateFrameworks/FontServices.framework/libhvf.dylib
0x00007ffb0b291000 	/System/Library/PrivateFrameworks/FontServices.framework/libXTFontStaticRegistryData.dylib
0x00007ff810ea5000 	/System/Library/PrivateFrameworks/AppleVA.framework/Versions/A/AppleVA
0x00007ff813095000 	/System/Library/Frameworks/ApplicationServices.framework/Versions/A/Frameworks/ATS.framework/Versions/A/ATS
0x00007ff80b002000 	/System/Library/Frameworks/ApplicationServices.framework/Versions/A/Frameworks/HIServices.framework/Versions/A/HIServices
0x00007ff811f9f000 	/System/Library/Frameworks/ApplicationServices.framework/Versions/A/Frameworks/PrintCore.framework/Versions/A/PrintCore
0x00007ff813423000 	/System/Library/Frameworks/ApplicationServices.framework/Versions/A/Frameworks/QD.framework/Versions/A/QD
0x00007ff81341b000 	/System/Library/Frameworks/ApplicationServices.framework/Versions/A/Frameworks/ColorSyncLegacy.framework/Versions/A/ColorSyncLegacy
0x00007ff813085000 	/System/Library/Frameworks/ApplicationServices.framework/Versions/A/Frameworks/SpeechSynthesis.framework/Versions/A/SpeechSynthesis
0x00007ff811f60000 	/System/Library/Frameworks/ApplicationServices.framework/Versions/A/Frameworks/ATSUI.framework/Versions/A/ATSUI
0x00007ff8133b0000 	/usr/lib/libcups.2.dylib
0x00007ff81377f000 	/System/Library/Frameworks/Kerberos.framework/Versions/A/Kerberos
0x00007ff81378e000 	/System/Library/Frameworks/GSS.framework/Versions/A/GSS
0x00007ff813101000 	/usr/lib/libresolv.9.dylib
0x00007ff8114b5000 	/System/Library/PrivateFrameworks/Heimdal.framework/Versions/A/Heimdal
0x00007ff81a377000 	/System/Library/Frameworks/Kerberos.framework/Versions/A/Libraries/libHeimdalProxy.dylib
0x00007ff80bcbf000 	/System/Library/Frameworks/Network.framework/Versions/A/Network
0x00007ff810f10000 	/usr/lib/libheimdal-asn1.dylib
0x00007ff8137d9000 	/System/Library/PrivateFrameworks/CommonAuth.framework/Versions/A/CommonAuth
0x00007ff813007000 	/System/Library/PrivateFrameworks/AudioSession.framework/Versions/A/AudioSession
0x00007ff810fa0000 	/System/Library/PrivateFrameworks/MediaExperience.framework/Versions/A/MediaExperience
0x00007ff812e99000 	/System/Library/PrivateFrameworks/AudioSession.framework/libSessionUtility.dylib
0x00007ff81342f000 	/System/Library/PrivateFrameworks/AudioResourceArbitration.framework/Versions/A/AudioResourceArbitration
0x00007ff8174b0000 	/System/Library/PrivateFrameworks/PowerLog.framework/Versions/A/PowerLog
0x00007ff810f19000 	/System/Library/PrivateFrameworks/IconFoundation.framework/Versions/A/IconFoundation
0x00007ff816266000 	/System/Library/PrivateFrameworks/SpeechRecognitionCore.framework/Versions/A/SpeechRecognitionCore
0x000000010b9db000 	/Library/Internet Plug-Ins/JavaAppletPlugin.plugin/Contents/Home/lib/server/libjvm.dylib
0x00007ffb1e722000 	/usr/lib/libstdc++.6.dylib
0x000000010aa65000 	/Library/Internet Plug-Ins/JavaAppletPlugin.plugin/Contents/Home/lib/libverify.dylib
0x000000010aaa9000 	/Library/Internet Plug-Ins/JavaAppletPlugin.plugin/Contents/Home/lib/libjava.dylib
0x000000010aa7c000 	/Library/Internet Plug-Ins/JavaAppletPlugin.plugin/Contents/Home/lib/libzip.dylib
0x000000010b9b3000 	/Library/Internet Plug-Ins/JavaAppletPlugin.plugin/Contents/Home/lib/libprism_es2.dylib
0x00007ff807e00000 	/System/Library/PrivateFrameworks/CoreServicesInternal.framework/Versions/A/CoreServicesInternal
0x00007ffa1e4e2000 	/System/Library/Frameworks/OpenGL.framework/Versions/A/Resources/GLEngine.bundle/GLEngine
0x00007ffa1e348000 	/System/Library/Frameworks/OpenGL.framework/Versions/A/Libraries/libGLProgrammability.dylib
0x00007ffa16cb4000 	/System/Library/Extensions/AppleIntelBDWGraphicsGLDriver.bundle/Contents/MacOS/AppleIntelBDWGraphicsGLDriver
0x00007ff9159b2000 	/System/Library/PrivateFrameworks/GPUSupport.framework/Versions/A/Libraries/libGPUSupportMercury.dylib
0x00007ffa1e66c000 	/System/Library/Frameworks/OpenGL.framework/Versions/A/Resources/GLRendererFloat.bundle/GLRendererFloat
0x0000000122cd2000 	/Library/Internet Plug-Ins/JavaAppletPlugin.plugin/Contents/Home/lib/libglass.dylib
0x00007ff817aa1000 	/System/Library/Frameworks/FileProvider.framework/Versions/A/FileProvider
0x00007ff80baa2000 	/System/Library/Frameworks/Accounts.framework/Versions/A/Accounts
0x00007ff817c1a000 	/System/Library/PrivateFrameworks/GenerationalStorage.framework/Versions/A/GenerationalStorage
0x00007ff81872b000 	/System/Library/PrivateFrameworks/CoreSymbolication.framework/Versions/A/CoreSymbolication
0x00007ff8174a5000 	/System/Library/PrivateFrameworks/SymptomDiagnosticReporter.framework/Versions/A/SymptomDiagnosticReporter
0x00007ff8090c1000 	/System/Library/PrivateFrameworks/DesktopServicesPriv.framework/Versions/A/DesktopServicesPriv
0x00007ff807f3f000 	/usr/lib/libsandbox.1.dylib
0x00007ff80cdee000 	/System/Library/PrivateFrameworks/UserManagement.framework/Versions/A/UserManagement
0x00007ff8186f0000 	/System/Library/PrivateFrameworks/DebugSymbols.framework/Versions/A/DebugSymbols
0x00007ff813410000 	/System/Library/PrivateFrameworks/NetAuth.framework/Versions/A/NetAuth
0x00007ff81431f000 	/System/Library/PrivateFrameworks/Sharing.framework/Versions/A/Sharing
0x00007ff80cdc1000 	/System/Library/PrivateFrameworks/login.framework/Versions/A/Frameworks/loginsupport.framework/Versions/A/loginsupport
0x00007ff81988e000 	/System/Library/PrivateFrameworks/Apple80211.framework/Versions/A/Apple80211
0x00007ff80ffc7000 	/System/Library/PrivateFrameworks/AuthKit.framework/Versions/A/AuthKit
0x00007ff80f61c000 	/System/Library/PrivateFrameworks/CoreUtils.framework/Versions/A/CoreUtils
0x00007ff80f543000 	/System/Library/Frameworks/CoreWLAN.framework/Versions/A/CoreWLAN
0x00007ff81447e000 	/System/Library/Frameworks/IOBluetooth.framework/Versions/A/IOBluetooth
0x00007ff8198f6000 	/System/Library/PrivateFrameworks/CoreWiFi.framework/Versions/A/CoreWiFi
0x00007ff8182c4000 	/System/Library/PrivateFrameworks/FrontBoardServices.framework/Versions/A/FrontBoardServices
0x00007ff818355000 	/System/Library/PrivateFrameworks/BoardServices.framework/Versions/A/BoardServices
0x00007ff80f82b000 	/System/Library/PrivateFrameworks/AssertionServices.framework/Versions/A/AssertionServices
0x00007ff819a79000 	/System/Library/PrivateFrameworks/BackBoardServices.framework/Versions/A/BackBoardServices
0x00007ff81386a000 	/System/Library/PrivateFrameworks/CorePhoneNumbers.framework/Versions/A/CorePhoneNumbers
0x00007ff81312e000 	/System/Library/PrivateFrameworks/MultiverseSupport.framework/Versions/A/MultiverseSupport
0x00007ff819ced000 	/System/Library/PrivateFrameworks/RemoteServiceDiscovery.framework/Versions/A/RemoteServiceDiscovery
0x00007ff8175c2000 	/System/Library/PrivateFrameworks/DiskManagement.framework/Versions/A/DiskManagement
0x00007ff8174d6000 	/System/Library/PrivateFrameworks/AppleIDAuthSupport.framework/Versions/A/AppleIDAuthSupport
0x00007ffb05c0b000 	/System/Library/PrivateFrameworks/AAAFoundation.framework/Versions/A/AAAFoundation
0x00007ff81384b000 	/System/Library/PrivateFrameworks/KeychainCircle.framework/Versions/A/KeychainCircle
0x00007ff819cfd000 	/System/Library/PrivateFrameworks/RemoteXPC.framework/Versions/A/RemoteXPC
0x00007ff81758e000 	/System/Library/PrivateFrameworks/MediaKit.framework/Versions/A/MediaKit
0x00007ff8174e2000 	/System/Library/Frameworks/DiscRecording.framework/Versions/A/DiscRecording
0x00007ff810e1d000 	/usr/lib/libCoreStorage.dylib
0x00007ff819d68000 	/usr/lib/libcsfde.dylib
0x00007ff81454b000 	/System/Library/PrivateFrameworks/ProtectedCloudStorage.framework/Versions/A/ProtectedCloudStorage
0x00007ff819d64000 	/System/Library/PrivateFrameworks/EFILogin.framework/Versions/A/EFILogin
0x00007ff817c40000 	/System/Library/PrivateFrameworks/OctagonTrust.framework/Versions/A/OctagonTrust
0x00007ffb0a4f3000 	/System/Library/PrivateFrameworks/CoreUtilsExtras.framework/Versions/A/CoreUtilsExtras
0x00007ff817409000 	/System/Library/Frameworks/CoreBluetooth.framework/Versions/A/CoreBluetooth
0x00007ff81a3fc000 	/System/Library/Frameworks/AudioUnit.framework/Versions/A/AudioUnit
0x00007ff810e15000 	/usr/lib/libMatch.1.dylib
0x00007ff90fe3b000 	/System/Library/Frameworks/Accelerate.framework/Versions/A/Frameworks/vImage.framework/Versions/A/Libraries/libCGInterfaces.dylib
0x00000001240b3000 	/usr/lib/libobjc-trampolines.dylib
0x00007ff81c904000 	/System/Library/PrivateFrameworks/FamilyControls.framework/Versions/A/FamilyControls
0x00007ff81c928000 	/System/Library/PrivateFrameworks/CommerceKit.framework/Versions/A/Frameworks/CommerceCore.framework/Versions/A/CommerceCore
0x00007ff816982000 	/System/Library/PrivateFrameworks/SystemAdministration.framework/Versions/A/SystemAdministration
0x00007ff814532000 	/System/Library/PrivateFrameworks/AppContainer.framework/Versions/A/AppContainer
0x00007ff814547000 	/System/Library/PrivateFrameworks/SecCodeWrapper.framework/Versions/A/SecCodeWrapper
0x00007ff810ce0000 	/System/Library/PrivateFrameworks/CrashReporterSupport.framework/Versions/A/CrashReporterSupport
0x00007ff917857000 	/System/Library/PrivateFrameworks/OSAnalytics.framework/Versions/A/OSAnalytics
0x00007ff922a15000 	/System/Library/PrivateFrameworks/Symbolication.framework/Versions/A/Symbolication
0x00007ff90b7f4000 	/System/Library/PrivateFrameworks/MallocStackLogging.framework/Versions/A/MallocStackLogging
0x00007ff81156d000 	/System/Library/PrivateFrameworks/login.framework/Versions/A/login
0x00007ff8121c9000 	/System/Library/Frameworks/MediaToolbox.framework/Versions/A/MediaToolbox
0x00007ff816232000 	/System/Library/Frameworks/DirectoryService.framework/Versions/A/DirectoryService
0x00007ff819c05000 	/System/Library/PrivateFrameworks/DiskImages.framework/Versions/A/DiskImages
0x00007ff80f8d3000 	/System/Library/Frameworks/ServiceManagement.framework/Versions/A/ServiceManagement
0x00007ff819de5000 	/System/Library/PrivateFrameworks/LoginUIKit.framework/Versions/A/Frameworks/LoginUICore.framework/Versions/A/LoginUICore
0x00007ff811716000 	/usr/lib/libodfde.dylib
0x00007ff817a71000 	/System/Library/PrivateFrameworks/CoreAVCHD.framework/Versions/A/CoreAVCHD
0x00007ff816946000 	/System/Library/Frameworks/MediaAccessibility.framework/Versions/A/MediaAccessibility
0x00007ff817a6d000 	/System/Library/PrivateFrameworks/Mangrove.framework/Versions/A/Mangrove
0x00007ff816951000 	/System/Library/PrivateFrameworks/AlgosScoreFramework.framework/Versions/A/AlgosScoreFramework
0x00007ffb077e7000 	/System/Library/PrivateFrameworks/CMPhoto.framework/Versions/A/CMPhoto
0x00007ff8185c6000 	/System/Library/PrivateFrameworks/AppleVPA.framework/Versions/A/AppleVPA
0x00007ff8176b2000 	/System/Library/PrivateFrameworks/CoreAUC.framework/Versions/A/CoreAUC
0x00007ff819d74000 	/usr/lib/libcurl.4.dylib
0x00007ffb1e1f1000 	/usr/lib/libcrypto.46.dylib
0x00007ffb1e6e6000 	/usr/lib/libssl.48.dylib
0x00007ff819a97000 	/System/Library/Frameworks/LDAP.framework/Versions/A/LDAP
0x00007ff819acf000 	/System/Library/PrivateFrameworks/TrustEvaluationAgent.framework/Versions/A/TrustEvaluationAgent
0x00007ff81311a000 	/usr/lib/libsasl2.2.dylib
0x00007ff816976000 	/System/Library/PrivateFrameworks/CoreDaemon.framework/Versions/B/CoreDaemon
0x00007ff816971000 	/System/Library/PrivateFrameworks/AppleSRP.framework/Versions/A/AppleSRP
0x00007ff80cae6000 	/System/Library/PrivateFrameworks/ViewBridge.framework/Versions/A/ViewBridge
0x0000000125800000 	/Library/Internet Plug-Ins/JavaAppletPlugin.plugin/Contents/Home/lib/libjavafx_font.dylib
0x00007ffb1dd85000 	/usr/lib/libRosetta.dylib
0x0000000126f4b000 	/Library/Internet Plug-Ins/JavaAppletPlugin.plugin/Contents/Home/lib/libprism_common.dylib

VM Arguments:
jvm_args: -Dfile.encoding=UTF-8 
java_command: com.curso_funval.Calculadora
java_class_path (initial): /Users/antonioberthely/eclipse-workspace/TheFirt/bin:/Library/Java/JavaVirtualMachines/jdk1.8.0_202.jdk/Contents/Home/jre/lib/ext/jfxrt.jar:/Library/Java/JavaVirtualMachines/jdk1.8.0_202.jdk/Contents/Home/jre/lib/jfxswt.jar
Launcher Type: SUN_STANDARD

Environment Variables:
PATH=/usr/bin:/bin:/usr/sbin:/sbin
SHELL=/bin/zsh

Signal Handlers:
SIGSEGV: [libjvm.dylib+0x5b719d], sa_mask[0]=11111111011111110111111111111111, sa_flags=SA_ONSTACK|SA_RESTART|SA_SIGINFO
SIGBUS: [libjvm.dylib+0x5b719d], sa_mask[0]=11111111011111110111111111111111, sa_flags=SA_RESTART|SA_SIGINFO
SIGFPE: [libjvm.dylib+0x48c8fc], sa_mask[0]=11111111011111110111111111111111, sa_flags=SA_RESTART|SA_SIGINFO
SIGPIPE: [libjvm.dylib+0x48c8fc], sa_mask[0]=11111111011111110111111111111111, sa_flags=SA_RESTART|SA_SIGINFO
SIGXFSZ: [libjvm.dylib+0x48c8fc], sa_mask[0]=11111111011111110111111111111111, sa_flags=SA_RESTART|SA_SIGINFO
SIGILL: [libjvm.dylib+0x48c8fc], sa_mask[0]=11111111011111110111111111111111, sa_flags=SA_RESTART|SA_SIGINFO
SIGUSR1: SIG_DFL, sa_mask[0]=00000000000000000000000000000000, sa_flags=none
SIGUSR2: [libjvm.dylib+0x48c41a], sa_mask[0]=00100000000000000000000000000000, sa_flags=SA_RESTART|SA_SIGINFO
SIGHUP: [libjvm.dylib+0x48a9a5], sa_mask[0]=11111111011111110111111111111111, sa_flags=SA_RESTART|SA_SIGINFO
SIGINT: [libjvm.dylib+0x48a9a5], sa_mask[0]=11111111011111110111111111111111, sa_flags=SA_RESTART|SA_SIGINFO
SIGTERM: [libjvm.dylib+0x48a9a5], sa_mask[0]=11111111011111110111111111111111, sa_flags=SA_RESTART|SA_SIGINFO
SIGQUIT: [libjvm.dylib+0x48a9a5], sa_mask[0]=11111111011111110111111111111111, sa_flags=SA_RESTART|SA_SIGINFO


---------------  S Y S T E M  ---------------

OS:Bsduname:Darwin 21.6.0 Darwin Kernel Version 21.6.0: Thu Mar  9 20:08:59 PST 2023; root:xnu-8020.240.18.700.8~1/RELEASE_X86_64 x86_64
rlimit: STACK 8192k, CORE 0k, NPROC 1392, NOFILE 10240, AS infinity
load average:25.55 8.14 4.27

CPU:total 4 (initial active 4) (2 cores per cpu, 2 threads per core) family 6 model 61 stepping 4, cmov, cx8, fxsr, mmx, sse, sse2, sse3, ssse3, sse4.1, sse4.2, popcnt, avx, avx2, aes, clmul, erms, rtm, 3dnowpref, lzcnt, ht, tsc, tscinvbit, bmi1, bmi2, adx

Memory: 4k page, physical 8388608k(26872k free)

/proc/meminfo:


vm_info: Java HotSpot(TM) 64-Bit Server VM (25.202-b08) for bsd-amd64 JRE (1.8.0_202-b08), built on Dec 15 2018 20:16:16 by "java_re" with gcc 4.2.1 (Based on Apple Inc. build 5658) (LLVM build 2336.11.00)

time: Sat Jun 24 21:42:36 2023
timezone: CST
elapsed time: 442 seconds (0d 0h 7m 22s)

